mode: atomic
gpu-telemetry-pipeline/internal/config/config.go:13.22,17.2 1 0
gpu-telemetry-pipeline/internal/config/config.go:43.34,58.2 1 1
gpu-telemetry-pipeline/internal/config/config.go:61.40,64.26 3 2
gpu-telemetry-pipeline/internal/config/config.go:64.26,65.40 1 5
gpu-telemetry-pipeline/internal/config/config.go:65.40,67.4 1 4
gpu-telemetry-pipeline/internal/config/config.go:69.2,69.12 1 2
gpu-telemetry-pipeline/internal/config/helpers.go:9.37,10.47 1 5
gpu-telemetry-pipeline/internal/config/helpers.go:10.47,12.3 1 0
gpu-telemetry-pipeline/internal/config/helpers.go:13.2,13.12 1 5
gpu-telemetry-pipeline/internal/config/helpers.go:16.41,17.36 1 1
gpu-telemetry-pipeline/internal/config/helpers.go:17.36,18.44 1 0
gpu-telemetry-pipeline/internal/config/helpers.go:18.44,20.4 1 0
gpu-telemetry-pipeline/internal/config/helpers.go:22.2,22.12 1 1
gpu-telemetry-pipeline/internal/config/helpers.go:25.44,26.36 1 0
gpu-telemetry-pipeline/internal/config/helpers.go:26.36,27.49 1 0
gpu-telemetry-pipeline/internal/config/helpers.go:27.49,29.4 1 0
gpu-telemetry-pipeline/internal/config/helpers.go:31.2,31.12 1 0
gpu-telemetry-pipeline/internal/config/helpers.go:36.66,37.36 1 5
gpu-telemetry-pipeline/internal/config/helpers.go:37.36,38.50 1 2
gpu-telemetry-pipeline/internal/config/helpers.go:38.50,40.4 1 1
gpu-telemetry-pipeline/internal/config/helpers.go:42.2,42.12 1 4
gpu-telemetry-pipeline/internal/collector/collector.go:40.33,41.22 1 4
gpu-telemetry-pipeline/internal/collector/collector.go:41.22,43.3 1 0
gpu-telemetry-pipeline/internal/collector/collector.go:44.2,44.26 1 4
gpu-telemetry-pipeline/internal/collector/collector.go:44.26,46.3 1 0
gpu-telemetry-pipeline/internal/collector/collector.go:47.2,47.25 1 4
gpu-telemetry-pipeline/internal/collector/collector.go:47.25,49.3 1 4
gpu-telemetry-pipeline/internal/collector/collector.go:71.101,73.16 2 4
gpu-telemetry-pipeline/internal/collector/collector.go:73.16,75.3 1 0
gpu-telemetry-pipeline/internal/collector/collector.go:76.2,76.70 1 4
gpu-telemetry-pipeline/internal/collector/collector.go:80.36,80.55 1 7
gpu-telemetry-pipeline/internal/collector/collector.go:95.52,112.6 8 4
gpu-telemetry-pipeline/internal/collector/collector.go:112.6,113.10 1 13
gpu-telemetry-pipeline/internal/collector/collector.go:114.26,115.11 1 11
gpu-telemetry-pipeline/internal/collector/collector.go:115.11,120.85 3 4
gpu-telemetry-pipeline/internal/collector/collector.go:120.85,123.6 2 4
gpu-telemetry-pipeline/internal/collector/collector.go:124.5,124.15 1 0
gpu-telemetry-pipeline/internal/collector/collector.go:126.4,127.37 2 7
gpu-telemetry-pipeline/internal/collector/collector.go:127.37,129.5 1 3
gpu-telemetry-pipeline/internal/collector/collector.go:130.19,131.26 1 2
gpu-telemetry-pipeline/internal/collector/collector.go:138.94,140.6 2 4
gpu-telemetry-pipeline/internal/collector/collector.go:140.6,142.17 2 11
gpu-telemetry-pipeline/internal/collector/collector.go:142.17,145.4 2 4
gpu-telemetry-pipeline/internal/collector/collector.go:147.3,149.18 3 7
gpu-telemetry-pipeline/internal/collector/collector.go:149.18,151.4 1 6
gpu-telemetry-pipeline/internal/collector/collector.go:152.3,152.18 1 7
gpu-telemetry-pipeline/internal/collector/collector.go:152.18,156.4 2 1
gpu-telemetry-pipeline/internal/collector/collector.go:156.9,159.4 2 6
gpu-telemetry-pipeline/internal/collector/collector.go:161.3,161.10 1 7
gpu-telemetry-pipeline/internal/collector/collector.go:162.20,162.20 0 7
gpu-telemetry-pipeline/internal/collector/collector.go:163.21,165.10 2 0
gpu-telemetry-pipeline/internal/collector/collector.go:174.48,175.21 1 9
gpu-telemetry-pipeline/internal/collector/collector.go:175.21,177.3 1 4
gpu-telemetry-pipeline/internal/collector/collector.go:179.2,181.27 3 5
gpu-telemetry-pipeline/internal/collector/collector.go:181.27,183.16 2 7
gpu-telemetry-pipeline/internal/collector/collector.go:183.16,185.4 1 6
gpu-telemetry-pipeline/internal/collector/collector.go:188.2,191.53 3 5
gpu-telemetry-pipeline/internal/collector/collector.go:191.53,196.3 3 1
gpu-telemetry-pipeline/internal/collector/collector.go:198.2,198.56 1 4
gpu-telemetry-pipeline/internal/collector/collector.go:198.56,205.3 3 1
gpu-telemetry-pipeline/internal/collector/collector.go:207.2,210.18 4 3
gpu-telemetry-pipeline/internal/queue/kafka/consumer.go:47.41,48.27 1 4
gpu-telemetry-pipeline/internal/queue/kafka/consumer.go:48.27,50.3 1 1
gpu-telemetry-pipeline/internal/queue/kafka/consumer.go:51.2,51.21 1 3
gpu-telemetry-pipeline/internal/queue/kafka/consumer.go:51.21,53.3 1 1
gpu-telemetry-pipeline/internal/queue/kafka/consumer.go:54.2,54.23 1 2
gpu-telemetry-pipeline/internal/queue/kafka/consumer.go:54.23,56.3 1 1
gpu-telemetry-pipeline/internal/queue/kafka/consumer.go:58.2,59.19 2 1
gpu-telemetry-pipeline/internal/queue/kafka/consumer.go:59.19,61.3 1 1
gpu-telemetry-pipeline/internal/queue/kafka/consumer.go:62.2,63.19 2 1
gpu-telemetry-pipeline/internal/queue/kafka/consumer.go:63.19,65.3 1 1
gpu-telemetry-pipeline/internal/queue/kafka/consumer.go:66.2,67.18 2 1
gpu-telemetry-pipeline/internal/queue/kafka/consumer.go:67.18,69.3 1 1
gpu-telemetry-pipeline/internal/queue/kafka/consumer.go:71.2,83.39 2 1
gpu-telemetry-pipeline/internal/queue/kafka/consumer.go:87.70,89.16 2 0
gpu-telemetry-pipeline/internal/queue/kafka/consumer.go:89.16,91.3 1 0
gpu-telemetry-pipeline/internal/queue/kafka/consumer.go:93.2,93.49 1 0
gpu-telemetry-pipeline/internal/queue/kafka/consumer.go:97.77,98.20 1 0
gpu-telemetry-pipeline/internal/queue/kafka/consumer.go:98.20,100.3 1 0
gpu-telemetry-pipeline/internal/queue/kafka/consumer.go:101.2,102.25 2 0
gpu-telemetry-pipeline/internal/queue/kafka/consumer.go:102.25,104.10 2 0
gpu-telemetry-pipeline/internal/queue/kafka/consumer.go:104.10,106.4 1 0
gpu-telemetry-pipeline/internal/queue/kafka/consumer.go:107.3,107.30 1 0
gpu-telemetry-pipeline/internal/queue/kafka/consumer.go:109.2,109.48 1 0
gpu-telemetry-pipeline/internal/queue/kafka/consumer.go:113.34,115.2 1 1
gpu-telemetry-pipeline/docs/docs.go:152.13,154.2 1 0
gpu-telemetry-pipeline/internal/store/postgres/store.go:47.59,48.15 1 0
gpu-telemetry-pipeline/internal/store/postgres/store.go:48.15,50.3 1 0
gpu-telemetry-pipeline/internal/store/postgres/store.go:51.2,52.16 2 0
gpu-telemetry-pipeline/internal/store/postgres/store.go:52.16,54.3 1 0
gpu-telemetry-pipeline/internal/store/postgres/store.go:55.2,55.39 1 0
gpu-telemetry-pipeline/internal/store/postgres/store.go:55.39,58.3 2 0
gpu-telemetry-pipeline/internal/store/postgres/store.go:59.2,59.32 1 0
gpu-telemetry-pipeline/internal/store/postgres/store.go:70.57,86.57 2 0
gpu-telemetry-pipeline/internal/store/postgres/store.go:86.57,88.3 1 0
gpu-telemetry-pipeline/internal/store/postgres/store.go:92.2,95.55 2 0
gpu-telemetry-pipeline/internal/store/postgres/store.go:95.55,97.3 1 0
gpu-telemetry-pipeline/internal/store/postgres/store.go:101.2,104.54 2 0
gpu-telemetry-pipeline/internal/store/postgres/store.go:104.54,106.3 1 0
gpu-telemetry-pipeline/internal/store/postgres/store.go:109.2,109.32 1 0
gpu-telemetry-pipeline/internal/store/postgres/store.go:117.61,118.90 1 0
gpu-telemetry-pipeline/internal/store/postgres/store.go:118.90,120.3 1 0
gpu-telemetry-pipeline/internal/store/postgres/store.go:123.2,124.67 2 0
gpu-telemetry-pipeline/internal/store/postgres/store.go:124.67,126.3 1 0
gpu-telemetry-pipeline/internal/store/postgres/store.go:127.2,127.12 1 0
gpu-telemetry-pipeline/internal/store/postgres/store.go:136.79,137.23 1 0
gpu-telemetry-pipeline/internal/store/postgres/store.go:137.23,139.3 1 0
gpu-telemetry-pipeline/internal/store/postgres/store.go:141.2,142.25 2 0
gpu-telemetry-pipeline/internal/store/postgres/store.go:142.25,146.24 3 0
gpu-telemetry-pipeline/internal/store/postgres/store.go:146.24,148.18 2 0
gpu-telemetry-pipeline/internal/store/postgres/store.go:148.18,150.5 1 0
gpu-telemetry-pipeline/internal/store/postgres/store.go:151.4,151.22 1 0
gpu-telemetry-pipeline/internal/store/postgres/store.go:154.3,158.4 1 0
gpu-telemetry-pipeline/internal/store/postgres/store.go:161.2,165.20 3 0
gpu-telemetry-pipeline/internal/store/postgres/store.go:165.20,166.57 1 0
gpu-telemetry-pipeline/internal/store/postgres/store.go:166.57,168.4 1 0
gpu-telemetry-pipeline/internal/store/postgres/store.go:170.2,170.56 1 0
gpu-telemetry-pipeline/internal/store/postgres/store.go:170.56,172.3 1 0
gpu-telemetry-pipeline/internal/store/postgres/store.go:173.2,173.21 1 0
gpu-telemetry-pipeline/internal/store/postgres/store.go:173.21,175.3 1 0
gpu-telemetry-pipeline/internal/store/postgres/store.go:176.2,176.12 1 0
gpu-telemetry-pipeline/internal/store/postgres/store.go:180.49,182.2 1 0
gpu-telemetry-pipeline/internal/store/postgres/store.go:186.48,189.2 2 0
gpu-telemetry-pipeline/internal/queue/queue.go:31.53,33.2 1 0
gpu-telemetry-pipeline/internal/queue/queue.go:36.28,36.44 1 0
gpu-telemetry-pipeline/internal/api/handler.go:12.30,14.2 1 0
gpu-telemetry-pipeline/internal/api/handler.go:29.45,31.2 1 0
gpu-telemetry-pipeline/internal/api/handler.go:47.51,49.14 2 0
gpu-telemetry-pipeline/internal/api/handler.go:49.14,52.3 2 0
gpu-telemetry-pipeline/internal/api/handler.go:54.2,54.76 1 0
gpu-telemetry-pipeline/internal/api/handler.go:64.43,66.2 1 0
gpu-telemetry-pipeline/internal/api/router.go:20.59,32.2 7 0
gpu-telemetry-pipeline/internal/api/router.go:32.2,35.3 2 0
gpu-telemetry-pipeline/internal/api/router.go:37.2,37.10 1 0
gpu-telemetry-pipeline/internal/api/router.go:42.57,43.30 1 0
gpu-telemetry-pipeline/internal/api/router.go:43.30,53.3 3 0
gpu-telemetry-pipeline/cmd/collector/main.go:26.13,33.43 5 0
gpu-telemetry-pipeline/cmd/collector/main.go:33.43,36.3 2 0
gpu-telemetry-pipeline/cmd/collector/main.go:37.2,37.38 1 0
gpu-telemetry-pipeline/cmd/collector/main.go:40.77,48.16 4 0
gpu-telemetry-pipeline/cmd/collector/main.go:48.16,50.3 1 0
gpu-telemetry-pipeline/cmd/collector/main.go:51.2,51.15 1 0
gpu-telemetry-pipeline/cmd/collector/main.go:51.15,55.3 3 0
gpu-telemetry-pipeline/cmd/collector/main.go:57.2,57.52 1 0
gpu-telemetry-pipeline/cmd/collector/main.go:57.52,60.56 1 0
gpu-telemetry-pipeline/cmd/collector/main.go:60.56,62.4 1 0
gpu-telemetry-pipeline/cmd/collector/main.go:62.9,64.4 1 0
gpu-telemetry-pipeline/cmd/collector/main.go:65.8,67.3 1 0
gpu-telemetry-pipeline/cmd/collector/main.go:70.2,75.16 2 0
gpu-telemetry-pipeline/cmd/collector/main.go:75.16,77.3 1 0
gpu-telemetry-pipeline/cmd/collector/main.go:78.2,78.15 1 0
gpu-telemetry-pipeline/cmd/collector/main.go:78.15,78.39 1 0
gpu-telemetry-pipeline/cmd/collector/main.go:79.2,91.15 4 0
gpu-telemetry-pipeline/cmd/collector/main.go:91.15,95.3 3 0
gpu-telemetry-pipeline/cmd/collector/main.go:99.2,99.22 1 0
gpu-telemetry-pipeline/cmd/collector/main.go:107.59,110.74 2 0
gpu-telemetry-pipeline/cmd/collector/main.go:110.74,113.3 2 0
gpu-telemetry-pipeline/cmd/collector/main.go:115.2,115.73 1 0
gpu-telemetry-pipeline/cmd/collector/main.go:115.73,118.38 3 0
gpu-telemetry-pipeline/cmd/collector/main.go:118.38,122.4 3 0
gpu-telemetry-pipeline/cmd/collector/main.go:123.3,124.47 2 0
gpu-telemetry-pipeline/cmd/collector/main.go:127.2,127.72 1 0
gpu-telemetry-pipeline/cmd/collector/main.go:127.72,135.3 2 0
gpu-telemetry-pipeline/cmd/collector/main.go:137.2,138.12 2 0
gpu-telemetry-pipeline/cmd/collector/main.go:138.12,140.87 2 0
gpu-telemetry-pipeline/cmd/collector/main.go:140.87,142.4 1 0
gpu-telemetry-pipeline/cmd/collector/main.go:144.2,144.12 1 0
gpu-telemetry-pipeline/cmd/api/main.go:23.13,32.52 7 0
gpu-telemetry-pipeline/cmd/api/main.go:32.52,39.3 3 0
gpu-telemetry-pipeline/cmd/api/main.go:39.8,41.3 1 0
gpu-telemetry-pipeline/cmd/api/main.go:43.2,49.12 2 0
gpu-telemetry-pipeline/cmd/api/main.go:49.12,51.94 2 0
gpu-telemetry-pipeline/cmd/api/main.go:51.94,54.4 2 0
gpu-telemetry-pipeline/cmd/api/main.go:57.2,62.57 5 0
gpu-telemetry-pipeline/cmd/api/main.go:62.57,64.3 1 0
gpu-telemetry-pipeline/internal/telemetry/record.go:70.35,71.9 1 4
gpu-telemetry-pipeline/internal/telemetry/record.go:72.20,73.67 1 1
gpu-telemetry-pipeline/internal/telemetry/record.go:74.26,75.74 1 1
gpu-telemetry-pipeline/internal/telemetry/record.go:76.28,77.72 1 1
gpu-telemetry-pipeline/internal/telemetry/record.go:79.2,79.12 1 1
gpu-telemetry-pipeline/internal/telemetry/record.go:83.44,85.2 1 1
gpu-telemetry-pipeline/internal/telemetry/record.go:88.45,90.49 2 2
gpu-telemetry-pipeline/internal/telemetry/record.go:90.49,92.3 1 1
gpu-telemetry-pipeline/internal/telemetry/record.go:93.2,93.15 1 1
